GROUP,PACKAGE,CLASS,INSTRUCTION_MISSED,INSTRUCTION_COVERED,BRANCH_MISSED,BRANCH_COVERED,LINE_MISSED,LINE_COVERED,COMPLEXITY_MISSED,COMPLEXITY_COVERED,METHOD_MISSED,METHOD_COVERED
catalog-microservice,com.techtrend.catalog.service,CatalogServiceImpl,0,49,1,3,0,12,1,7,0,6
catalog-microservice,com.techtrend.catalog,CatalogMicroserviceApplication,5,3,0,0,2,1,1,1,1,1
catalog-microservice,com.techtrend.catalog.model,Product,6,127,7,11,0,29,7,16,0,14
catalog-microservice,com.techtrend.catalog.repository,ProductRepositoryImpl,0,356,0,4,0,37,0,13,0,11
catalog-microservice,com.techtrend.catalog.controller,CatalogController,0,41,0,0,0,13,0,5,0,5
