<?xml version="1.0" encoding="UTF-8"?>
<testsuite xmlns:xsi="http://www.w3.org/2001/XMLSchema-instance" xsi:noNamespaceSchemaLocation="https://maven.apache.org/surefire/maven-surefire-plugin/xsd/surefire-test-report-3.0.xsd" version="3.0" name="com.techtrend.catalog.controller.CatalogControllerTest" time="5.003" tests="8" errors="0" skipped="0" failures="0">
  <properties>
[...]
</properties>
  <testcase name="shouldReturn400ForInvalidQuantity" classname="com.techtrend.catalog.controller.CatalogControllerTest" time="1.064">
    <system-out><![CDATA[2025-09-21 22:16:22 - Could not detect default configuration classes for test class [com.techtrend.catalog.controller.CatalogControllerTest]: CatalogControllerTest does not declare any static, non-private, non-final, nested classes annotated with @Configuration.
2025-09-21 22:16:22 - Found @SpringBootConfiguration com.techtrend.catalog.CatalogMicroserviceApplication for test class com.techtrend.catalog.controller.CatalogControllerTest

  .   ____          _            __ _ _
 /\\ / ___'_ __ _ _(_)_ __  __ _ \ \ \ \
( ( )\___ | '_ | '_| | '_ \/ _` | \ \ \ \
 \\/  ___)| |_)| | | | | || (_| |  ) ) ) )
  '  |____| .__|_| |_|_| |_\__, | / / / /
 =========|_|==============|___/=/_/_/_/
 :: Spring Boot ::                (v3.2.0)

2025-09-21 22:16:23 - Starting CatalogControllerTest using Java 17.0.11 with PID 7248 (started by emazo in C:\Users\emazo\Desktop\ms-catalog)
2025-09-21 22:16:23 - Running with Spring Boot v3.2.0, Spring v6.1.1
2025-09-21 22:16:23 - No active profile set, falling back to 1 default profile: "default"
2025-09-21 22:16:25 - Started CatalogControllerTest in 2.212 seconds (process running for 21.406)
🌐 Probando endpoint: GET /api/catalog/products/1/stock?quantity=-1 (cantidad inválida)
✅ Test exitoso: Status 400 Bad Request para cantidad negativa
]]></system-out>
  </testcase>
  <testcase name="shouldReturn404ForNonExistentProductDetails" classname="com.techtrend.catalog.controller.CatalogControllerTest" time="0.023">
    <system-out><![CDATA[🌐 Probando endpoint: GET /api/catalog/products/999/details (producto inexistente)
✅ Test exitoso: Status 404 Not Found para detalles de producto inexistente
]]></system-out>
  </testcase>
  <testcase name="shouldReturnFalseForInsufficientStock" classname="com.techtrend.catalog.controller.CatalogControllerTest" time="0.506">
    <system-out><![CDATA[🌐 Probando endpoint: GET /api/catalog/products/1/stock?quantity=60
✅ Test exitoso: Stock insuficiente detectado (false)
]]></system-out>
  </testcase>
  <testcase name="shouldReturnProductDetails" classname="com.techtrend.catalog.controller.CatalogControllerTest" time="0.533">
    <system-out><![CDATA[🌐 Probando endpoint: GET /api/catalog/products/1/details
✅ Test exitoso: Detalles del producto retornados correctamente
]]></system-out>
  </testcase>
  <testcase name="shouldReturnProductsList" classname="com.techtrend.catalog.controller.CatalogControllerTest" time="0.14">
    <system-out><![CDATA[🌐 Probando endpoint: GET /api/catalog/products
✅ Test exitoso: Endpoint retorna 2 productos con status 200 OK
]]></system-out>
  </testcase>
  <testcase name="shouldReturnTrueForSufficientStock" classname="com.techtrend.catalog.controller.CatalogControllerTest" time="0.019">
    <system-out><![CDATA[🌐 Probando endpoint: GET /api/catalog/products/1/stock?quantity=10
✅ Test exitoso: Stock suficiente confirmado (true)
]]></system-out>
  </testcase>
  <testcase name="shouldReturnExistingProduct" classname="com.techtrend.catalog.controller.CatalogControllerTest" time="0.022">
    <system-out><![CDATA[🌐 Probando endpoint: GET /api/catalog/products/1
✅ Test exitoso: Producto encontrado - Laptop Ryzen 7 ($9999.99)
]]></system-out>
  </testcase>
  <testcase name="shouldReturn404ForNonExistentProduct" classname="com.techtrend.catalog.controller.CatalogControllerTest" time="0.042">
    <system-out><![CDATA[🌐 Probando endpoint: GET /api/catalog/products/999 (producto inexistente)
✅ Test exitoso: Status 404 Not Found para producto inexistente
]]></system-out>
  </testcase>
</testsuite>