<?xml version="1.0" encoding="UTF-8"?>
<testsuite xmlns:xsi="http://www.w3.org/2001/XMLSchema-instance" xsi:noNamespaceSchemaLocation="https://maven.apache.org/surefire/maven-surefire-plugin/xsd/surefire-test-report-3.0.xsd" version="3.0" name="com.techtrend.catalog.integration.CatalogRestIntegrationTest" time="6.891" tests="15" errors="0" skipped="0" failures="0">
  <properties>
[...]
</properties>
  <testcase name="testGetAllProducts_ShouldReturnCompleteProductList" classname="com.techtrend.catalog.integration.CatalogRestIntegrationTest" time="1.531">
    <system-out><![CDATA[20:06:34.916 [main] INFO org.springframework.test.context.support.AnnotationConfigContextLoaderUtils -- Could not detect default configuration classes for test class [com.techtrend.catalog.integration.CatalogRestIntegrationTest]: CatalogRestIntegrationTest does not declare any static, non-private, non-final, nested classes annotated with @Configuration.
20:06:35.129 [main] INFO org.springframework.boot.test.context.SpringBootTestContextBootstrapper -- Found @SpringBootConfiguration com.techtrend.catalog.CatalogMicroserviceApplication for test class com.techtrend.catalog.integration.CatalogRestIntegrationTest

  .   ____          _            __ _ _
 /\\ / ___'_ __ _ _(_)_ __  __ _ \ \ \ \
( ( )\___ | '_ | '_| | '_ \/ _` | \ \ \ \
 \\/  ___)| |_)| | | | | || (_| |  ) ) ) )
  '  |____| .__|_| |_|_| |_\__, | / / / /
 =========|_|==============|___/=/_/_/_/
 :: Spring Boot ::                (v3.2.0)

2025-10-07 20:06:35 - Starting CatalogRestIntegrationTest using Java 25 with PID 2480 (started by Cristopher G in C:\Users\Cristopher G\Desktop\ms-catalog)
2025-10-07 20:06:35 - Running with Spring Boot v3.2.0, Spring v6.1.1
2025-10-07 20:06:35 - No active profile set, falling back to 1 default profile: "default"
2025-10-07 20:06:39 - Netty started on port 53329
2025-10-07 20:06:39 - Started CatalogRestIntegrationTest in 3.686 seconds (process running for 5.539)

================================================================================
🚀 Iniciando Pruebas de Integración REST
📍 Puerto: 53329
🌐 Base URL: /api/catalog
================================================================================

📝 TEST 1: Listando todos los productos...
   ✓ Total de productos: 14
   ✓ Status HTTP: 200 OK
   ✓ Content-Type: application/json
   ✓ Estructura de datos validada
   📦 Ejemplo: Samsung Galaxy Watch - $2499.99
⏱️  ✅ GET /products - Debe retornar lista completa de productos - Tiempo: 672ms

]]></system-out>
    <system-err><![CDATA[WARNING: A Java agent has been loaded dynamically (C:\Users\Cristopher G\.m2\repository\net\bytebuddy\byte-buddy-agent\1.14.10\byte-buddy-agent-1.14.10.jar)
WARNING: If a serviceability tool is in use, please run with -XX:+EnableDynamicAgentLoading to hide this warning
WARNING: If a serviceability tool is not in use, please run with -Djdk.instrument.traceUsage for more information
WARNING: Dynamic loading of agents will be disallowed by default in a future release
]]></system-err>
  </testcase>
  <testcase name="testGetAllProducts_ShouldRespondQuickly" classname="com.techtrend.catalog.integration.CatalogRestIntegrationTest" time="0.026">
    <system-out><![CDATA[📝 TEST 2: Verificando tiempo de respuesta...
   ✓ Tiempo de respuesta: 10ms
   ✓ Rendimiento aceptable (< 1000ms)
⏱️  ✅ GET /products - Debe responder en tiempo razonable (< 1000ms) - Tiempo: 18ms

]]></system-out>
  </testcase>
  <testcase name="testGetProductById_WhenProductExists_ShouldReturnProduct" classname="com.techtrend.catalog.integration.CatalogRestIntegrationTest" time="0.084">
    <system-out><![CDATA[📝 TEST 3: Obteniendo producto por ID (existente)...
   ✓ Producto encontrado: Laptop Ryzen 7
   ✓ ID: 1
   ✓ Precio: $9999.99
   ✓ Stock: 50 unidades
⏱️  ✅ GET /products/{id} - Debe retornar producto existente - Tiempo: 76ms

]]></system-out>
  </testcase>
  <testcase name="testGetProductById_WhenProductNotExists_ShouldReturn404" classname="com.techtrend.catalog.integration.CatalogRestIntegrationTest" time="0.016">
    <system-out><![CDATA[📝 TEST 4: Intentando obtener producto inexistente...
   ✓ Status HTTP: 404 Not Found
   ✓ Manejo correcto de producto inexistente
⏱️  ❌ GET /products/{id} - Debe retornar 404 para producto inexistente - Tiempo: 13ms

]]></system-out>
  </testcase>
  <testcase name="testGetProductById_MultipleProducts_ShouldReturnCorrectData" classname="com.techtrend.catalog.integration.CatalogRestIntegrationTest" time="0.056">
    <system-out><![CDATA[📝 TEST 5: Obteniendo múltiples productos...
   ✓ ID 1: Laptop Ryzen 7
   ✓ ID 4: PlayStation 5
   ✓ ID 7: iPhone 15 Pro
   ✓ ID 10: Apple Watch Series 9
   ✓ ID 12: AirPods Pro
   ✓ Todos los productos recuperados correctamente
⏱️  ✅ GET /products/{id} - Debe manejar múltiples productos diferentes - Tiempo: 53ms

]]></system-out>
  </testcase>
  <testcase name="testCheckStock_WhenStockSufficient_ShouldReturnTrue" classname="com.techtrend.catalog.integration.CatalogRestIntegrationTest" time="0.023">
    <system-out><![CDATA[📝 TEST 6: Verificando stock suficiente...
   ✓ Producto: ID 1
   ✓ Cantidad solicitada: 10
   ✓ Stock disponible: TRUE
⏱️  ✅ GET /products/{id}/stock - Debe validar stock suficiente - Tiempo: 17ms

]]></system-out>
  </testcase>
  <testcase name="testCheckStock_WhenStockInsufficient_ShouldReturnFalse" classname="com.techtrend.catalog.integration.CatalogRestIntegrationTest" time="0.013">
    <system-out><![CDATA[📝 TEST 7: Verificando stock insuficiente...
   ✓ Producto: ID 3
   ✓ Cantidad solicitada: 100
   ✓ Stock disponible: FALSE
   ✓ Validación correcta de stock insuficiente
⏱️  ❌ GET /products/{id}/stock - Debe validar stock insuficiente - Tiempo: 8ms

]]></system-out>
  </testcase>
  <testcase name="testCheckStock_WhenProductOutOfStock_ShouldReturnFalse" classname="com.techtrend.catalog.integration.CatalogRestIntegrationTest" time="0.017">
    <system-out><![CDATA[📝 TEST 8: Verificando producto sin stock...
   ✓ Producto agotado detectado correctamente
   ✓ Stock: 0 unidades
⏱️  ❌ GET /products/{id}/stock - Debe manejar producto sin stock - Tiempo: 12ms

]]></system-out>
  </testcase>
  <testcase name="testCheckStock_WhenProductNotExists_ShouldReturnFalse" classname="com.techtrend.catalog.integration.CatalogRestIntegrationTest" time="0.015">
    <system-out><![CDATA[📝 TEST 9: Verificando stock de producto inexistente...
   ✓ Status HTTP: 200 OK
   ✓ Stock disponible: FALSE
   ✓ Manejo correcto de producto inexistente
⏱️  ❌ GET /products/{id}/stock - Debe retornar false para producto inexistente - Tiempo: 9ms

]]></system-out>
  </testcase>
  <testcase name="testGetProductDetails_WhenProductExists_ShouldReturnDetails" classname="com.techtrend.catalog.integration.CatalogRestIntegrationTest" time="0.019">
    <system-out><![CDATA[📝 TEST 10: Obteniendo detalles del producto...
   ✓ Nombre: iPhone 15 Pro
   ✓ Precio: $12999.99
   ✓ Detalles recuperados correctamente
⏱️  ✅ GET /products/{id}/details - Debe retornar detalles del producto - Tiempo: 12ms

]]></system-out>
  </testcase>
  <testcase name="testGetProductDetails_WhenProductNotExists_ShouldReturn404" classname="com.techtrend.catalog.integration.CatalogRestIntegrationTest" time="0.01">
    <system-out><![CDATA[📝 TEST 11: Intentando obtener detalles de producto inexistente...
   ✓ Status HTTP: 404 Not Found
   ✓ Manejo correcto de error
⏱️  ❌ GET /products/{id}/details - Debe retornar 404 para producto inexistente - Tiempo: 7ms

]]></system-out>
  </testcase>
  <testcase name="testGetProductById_WithSpecialCharacters_ShouldHandleGracefully" classname="com.techtrend.catalog.integration.CatalogRestIntegrationTest" time="0.009">
    <system-out><![CDATA[📝 TEST 12: Probando ID con caracteres especiales...
   ✓ Manejo correcto de caracteres especiales
⏱️  ❌ GET /products/{id} - Debe manejar ID con caracteres especiales - Tiempo: 6ms

]]></system-out>
  </testcase>
  <testcase name="testCheckStock_WithNegativeQuantity_ShouldHandleGracefully" classname="com.techtrend.catalog.integration.CatalogRestIntegrationTest" time="0.011">
    <system-out><![CDATA[📝 TEST 13: Probando cantidad negativa...
   ✓ Status HTTP: 400 Bad Request
   ✓ Validación de cantidad negativa correcta
⏱️  ❌ GET /products/{id}/stock - Debe validar cantidad negativa - Tiempo: 7ms

]]></system-out>
  </testcase>
  <testcase name="testGetAllProducts_ShouldBeIdempotent" classname="com.techtrend.catalog.integration.CatalogRestIntegrationTest" time="0.043">
    <system-out><![CDATA[📝 TEST 14: Verificando idempotencia...
   ✓ Las respuestas son idénticas
   ✓ Operación idempotente verificada
⏱️  ✅ GET /products - Debe ser idempotente - Tiempo: 38ms

]]></system-out>
  </testcase>
  <testcase name="testPerformance_MultipleRequests_ShouldHandleLoad" classname="com.techtrend.catalog.integration.CatalogRestIntegrationTest" time="0.456">
    <system-out><![CDATA[📝 TEST 15: Prueba de carga con múltiples requests...
   ✓ Total de requests: 50
   ✓ Tiempo total: 448ms
   ✓ Tiempo promedio: 8.96ms
   ✓ Throughput: 111.61 req/s
⏱️  ⚡ Performance - Múltiples requests concurrentes - Tiempo: 452ms

]]></system-out>
  </testcase>
</testsuite>