<?xml version="1.0" encoding="UTF-8"?>
<testsuite xmlns:xsi="http://www.w3.org/2001/XMLSchema-instance" xsi:noNamespaceSchemaLocation="https://maven.apache.org/surefire/maven-surefire-plugin/xsd/surefire-test-report-3.0.xsd" version="3.0" name="com.techtrend.catalog.service.CatalogServiceTest" time="0.132" tests="8" errors="0" skipped="0" failures="0">
  <properties>
[...]
</properties>
  <testcase name="shouldReturnAllAvailableProducts" classname="com.techtrend.catalog.service.CatalogServiceTest" time="0.093">
    <system-out><![CDATA[✅ CatalogService inicializado con 15 productos mock
🔍 Probando listado de productos disponibles...
✅ Test exitoso: Se retornaron 13 productos disponibles
]]></system-out>
  </testcase>
  <testcase name="shouldReturnExistingProductById" classname="com.techtrend.catalog.service.CatalogServiceTest" time="0.003">
    <system-out><![CDATA[✅ CatalogService inicializado con 15 productos mock
🔍 Probando búsqueda de producto por ID: 1
✅ Producto encontrado: Laptop Ryzen 7 - $9999.99
]]></system-out>
  </testcase>
  <testcase name="shouldReturnEmptyForNonExistentProduct" classname="com.techtrend.catalog.service.CatalogServiceTest" time="0.002">
    <system-out><![CDATA[✅ CatalogService inicializado con 15 productos mock
🔍 Probando búsqueda de producto inexistente ID: 999
✅ Test exitoso: Producto inexistente retorna vacío
]]></system-out>
  </testcase>
  <testcase name="shouldThrowExceptionForNegativeQuantity" classname="com.techtrend.catalog.service.CatalogServiceTest" time="0.007">
    <system-out><![CDATA[✅ CatalogService inicializado con 15 productos mock
⚠️ Probando validación de cantidad negativa: -1
✅ Test exitoso: Excepción lanzada para cantidad negativa
]]></system-out>
  </testcase>
  <testcase name="shouldReturnTrueWhenStockIsSufficient" classname="com.techtrend.catalog.service.CatalogServiceTest" time="0.002">
    <system-out><![CDATA[✅ CatalogService inicializado con 15 productos mock
📊 Probando verificación de stock suficiente: 10 unidades de 50 disponibles
✅ Test exitoso: Stock suficiente confirmado
]]></system-out>
  </testcase>
  <testcase name="shouldReturnFalseWhenStockIsInsufficient" classname="com.techtrend.catalog.service.CatalogServiceTest" time="0.001">
    <system-out><![CDATA[✅ CatalogService inicializado con 15 productos mock
📊 Probando verificación de stock insuficiente: 60 unidades de 50 disponibles
✅ Test exitoso: Stock insuficiente detectado correctamente
]]></system-out>
  </testcase>
  <testcase name="shouldReturnFalseForNonExistentProductStock" classname="com.techtrend.catalog.service.CatalogServiceTest" time="0.002">
    <system-out><![CDATA[✅ CatalogService inicializado con 15 productos mock
📊 Probando verificación de stock para producto inexistente ID: 999
✅ Test exitoso: Stock de producto inexistente retorna false
]]></system-out>
  </testcase>
  <testcase name="shouldReturnCorrectProductDetails" classname="com.techtrend.catalog.service.CatalogServiceTest" time="0.005">
    <system-out><![CDATA[✅ CatalogService inicializado con 15 productos mock
📋 Probando obtención de detalles del producto ID: 1
✅ Detalles correctos: Laptop Ryzen 7 - $9999.99 (50 unidades)
]]></system-out>
  </testcase>
</testsuite>